2023-08-24T01:39:13.316+09:00  INFO 17500 --- [main] com.example.wimdemo.WimdemoApplication   : Starting WimdemoApplication using Java 17.0.7 with PID 17500 (D:\spring\wimdemo\bin\main started by 강은지 in D:\spring\wimdemo)
2023-08-24T01:39:13.319+09:00 DEBUG 17500 --- [main] com.example.wimdemo.WimdemoApplication   : Running with Spring Boot v3.1.2, Spring v6.0.11
2023-08-24T01:39:13.320+09:00  INFO 17500 --- [main] com.example.wimdemo.WimdemoApplication   : No active profile set, falling back to 1 default profile: "default"
2023-08-24T01:39:13.916+09:00  INFO 17500 --- [main] .s.d.r.c.RepositoryConfigurationDelegate : Bootstrapping Spring Data JPA repositories in DEFAULT mode.
2023-08-24T01:39:13.944+09:00  INFO 17500 --- [main] .s.d.r.c.RepositoryConfigurationDelegate : Finished Spring Data repository scanning in 13 ms. Found 0 JPA repository interfaces.
2023-08-24T01:39:14.408+09:00  INFO 17500 --- [main] o.s.b.w.embedded.tomcat.TomcatWebServer  : Tomcat initialized with port(s): 8080 (http)
2023-08-24T01:39:14.422+09:00  INFO 17500 --- [main] o.apache.catalina.core.StandardService   : Starting service [Tomcat]
2023-08-24T01:39:14.423+09:00  INFO 17500 --- [main] o.apache.catalina.core.StandardEngine    : Starting Servlet engine: [Apache Tomcat/10.1.11]
2023-08-24T01:39:14.551+09:00  INFO 17500 --- [main] o.a.c.c.C.[Tomcat].[localhost].[/]       : Initializing Spring embedded WebApplicationContext
2023-08-24T01:39:14.552+09:00  INFO 17500 --- [main] w.s.c.ServletWebServerApplicationContext : Root WebApplicationContext: initialization completed in 1182 ms
2023-08-24T01:39:14.669+09:00  INFO 17500 --- [main] com.zaxxer.hikari.HikariDataSource       : HikariPool-1 - Starting...
2023-08-24T01:39:14.864+09:00  INFO 17500 --- [main] com.zaxxer.hikari.pool.HikariPool        : HikariPool-1 - Added connection conn0: url=jdbc:h2:mem:dbb67652-0f73-4262-b333-e3f21f369156 user=SA
2023-08-24T01:39:14.867+09:00  INFO 17500 --- [main] com.zaxxer.hikari.HikariDataSource       : HikariPool-1 - Start completed.
2023-08-24T01:39:14.924+09:00  INFO 17500 --- [main] o.hibernate.jpa.internal.util.LogHelper  : HHH000204: Processing PersistenceUnitInfo [name: default]
2023-08-24T01:39:14.993+09:00  INFO 17500 --- [main] org.hibernate.Version                    : HHH000412: Hibernate ORM core version 6.2.6.Final
2023-08-24T01:39:14.996+09:00  INFO 17500 --- [main] org.hibernate.cfg.Environment            : HHH000406: Using bytecode reflection optimizer
2023-08-24T01:39:15.121+09:00  INFO 17500 --- [main] o.h.b.i.BytecodeProviderInitiator        : HHH000021: Bytecode provider name : bytebuddy
2023-08-24T01:39:15.249+09:00  INFO 17500 --- [main] o.s.o.j.p.SpringPersistenceUnitInfo      : No LoadTimeWeaver setup: ignoring JPA class transformer
2023-08-24T01:39:15.380+09:00  INFO 17500 --- [main] o.h.b.i.BytecodeProviderInitiator        : HHH000021: Bytecode provider name : bytebuddy
2023-08-24T01:39:15.569+09:00  INFO 17500 --- [main] o.h.e.t.j.p.i.JtaPlatformInitiator       : HHH000490: Using JtaPlatform implementation: [org.hibernate.engine.transaction.jta.platform.internal.NoJtaPlatform]
2023-08-24T01:39:15.575+09:00  INFO 17500 --- [main] j.LocalContainerEntityManagerFactoryBean : Initialized JPA EntityManagerFactory for persistence unit 'default'
2023-08-24T01:39:15.618+09:00  WARN 17500 --- [main] JpaBaseConfiguration$JpaWebConfiguration : spring.jpa.open-in-view is enabled by default. Therefore, database queries may be performed during view rendering. Explicitly configure spring.jpa.open-in-view to disable this warning
2023-08-24T01:39:15.749+09:00  INFO 17500 --- [main] o.s.b.a.w.s.WelcomePageHandlerMapping    : Adding welcome page: class path resource [static/index.html]
2023-08-24T01:39:15.954+09:00  INFO 17500 --- [main] o.s.b.w.embedded.tomcat.TomcatWebServer  : Tomcat started on port(s): 8080 (http) with context path ''
2023-08-24T01:39:15.966+09:00  INFO 17500 --- [main] com.example.wimdemo.WimdemoApplication   : Started WimdemoApplication in 3.105 seconds (process running for 4.046)
2023-08-24T01:39:28.219+09:00  INFO 17500 --- [http-nio-8080-exec-1] o.a.c.c.C.[Tomcat].[localhost].[/]       : Initializing Spring DispatcherServlet 'dispatcherServlet'
2023-08-24T01:39:28.220+09:00  INFO 17500 --- [http-nio-8080-exec-1] o.s.web.servlet.DispatcherServlet        : Initializing Servlet 'dispatcherServlet'
2023-08-24T01:39:28.221+09:00  INFO 17500 --- [http-nio-8080-exec-1] o.s.web.servlet.DispatcherServlet        : Completed initialization in 1 ms
2023-08-24T01:43:54.886+09:00  INFO 17500 --- [RMI TCP Connection(2)-127.0.0.1] inMXBeanRegistrar$SpringApplicationAdmin : Application shutdown requested.
2023-08-24T01:43:54.961+09:00  INFO 17500 --- [RMI TCP Connection(2)-127.0.0.1] o.apache.catalina.core.StandardService   : Stopping service [Tomcat]
2023-08-24T01:43:54.964+09:00  INFO 17500 --- [RMI TCP Connection(2)-127.0.0.1] o.a.c.c.C.[Tomcat].[localhost].[/]       : Destroying Spring FrameworkServlet 'dispatcherServlet'
2023-08-24T01:43:54.983+09:00  INFO 17500 --- [RMI TCP Connection(2)-127.0.0.1] j.LocalContainerEntityManagerFactoryBean : Closing JPA EntityManagerFactory for persistence unit 'default'
2023-08-24T01:43:54.986+09:00  INFO 17500 --- [RMI TCP Connection(2)-127.0.0.1] com.zaxxer.hikari.HikariDataSource       : HikariPool-1 - Shutdown initiated...
2023-08-24T01:43:54.992+09:00  INFO 17500 --- [RMI TCP Connection(2)-127.0.0.1] com.zaxxer.hikari.HikariDataSource       : HikariPool-1 - Shutdown completed.
